Arguments: 
  c:\Program Files\nodejs\node.exe c:\workspace\ComponenteTabla\node_modules\yarn\bin\yarn.js add angular

PATH: 
  c:\Users\A184841\bin;.;C:\Program Files (x86)\Git\local\bin;C:\Program Files (x86)\Git\mingw\bin;C:\Program Files (x86)\Git\bin;c:\Program Files\Java\jdk1.7.0_76\jre\bin;c:\program files (x86)\imagemagick-6.2.6-q16;c:\ProgramData\Oracle\Java\javapath;C:\Program Files (x86)\Git\bin;c:\Python27;c:\Program Files\nodejs;c:\Ruby21-x64\bin;c:\Program Files (x86)\CA\SC\CAWIN\;c:\Windows\system32;c:\Windows;c:\Windows\System32\Wbem;c:\Windows\System32\WindowsPowerShell\v1.0\;c:\Program Files (x86)\CA\SC\Csam\SockAdapter\bin;c:\Program Files (x86)\CA\SC\Csam\SockAdapter\bin64;c:\Program Files (x86)\CA\SC\CBB\;c:\Program Files (x86)\CA\DSM\bin;c:\PROGRA~2\CA\SC\CAM\bin;c:\Program Files\nodejs\;c:\Program Files\Microsoft SQL Server\110\Tools\Binn\;c:\Program Files (x86)\Microsoft SDKs\TypeScript\1.0\;c:\Program Files\Microsoft SQL Server\120\Tools\Binn\;c:\Program Files (x86)\IBM\WebSphere MQ\bin64;c:\Program Files (x86)\IBM\WebSphere MQ\bin;c:\Program Files (x86)\IBM\WebSphere MQ\tools\c\samples\bin;c:\Users\A184841\AppData\Roaming\npm;c:\Program Files (x86)\Microsoft VS Code\bin;c:\Program Files (x86)\Desarrollo\apachemaven333\bin

Yarn version: 
  0.24.5

Node version: 
  6.9.1

Platform: 
  win32 x64

npm manifest: 
  {
    "name": "ui-table",
    "version": "0.0.0",
    "description": "Componente generico de creacion de tablas",
    "main": "index.js",
    "scripts": {
      "test": "echo \"Error: no test specified\" && exit 1"
    },
    "repository": {
      "type": "git",
      "url": "git+https://github.com/mdamorg/ui-table.git"
    },
    "keywords": [
      "table",
      "ui-table"
    ],
    "author": "Maria Dolores A",
    "license": "ISC",
    "bugs": {
      "url": "https://github.com/mdamorg/ui-table/issues"
    },
    "homepage": "https://github.com/mdamorg/ui-table#readme",
    "dependencies": {
      "yarn": "^0.24.5"
    }
  }

yarn manifest: 
  No manifest

Lockfile: 
  No lockfile

Trace: 
  Error: https://registry.yarnpkg.com/angular: tunneling socket could not be established, statusCode=407
      at ClientRequest.onConnect (c:\workspace\ComponenteTabla\node_modules\tunnel-agent\index.js:166:19)
      at ClientRequest.g (events.js:291:16)
      at emitThree (events.js:116:13)
      at ClientRequest.emit (events.js:194:7)
      at Socket.socketOnData (_http_client.js:395:11)
      at emitOne (events.js:96:13)
      at Socket.emit (events.js:188:7)
      at readableAddChunk (_stream_readable.js:176:18)
      at Socket.Readable.push (_stream_readable.js:134:10)
      at TCP.onread (net.js:548:20)
